13930271.13930271.c9282d663ee3.js:1 ReferenceError: params is not defined
    at t (77424332.77424332.1a5b3045bc9d.js:1:117232)
    at 77424332.77424332.1a5b3045bc9d.js:1:121040
    at Generator.<anonymous> (77424332.77424332.1a5b3045bc9d.js:1:119057)
    at Generator.throw (77424332.77424332.1a5b3045bc9d.js:1:119900)
    at Ie (77424332.77424332.1a5b3045bc9d.js:1:120082)
    at u (77424332.77424332.1a5b3045bc9d.js:1:121226)
(anonymous) @ 13930271.13930271.c9282d663ee3.js:1
Cn @ 13930271.13930271.c9282d663ee3.js:1
(anonymous) @ 13930271.13930271.c9282d663ee3.js:1
Promise.catch
Sn @ 13930271.13930271.c9282d663ee3.js:1
Zo.t.__weh.t.__weh @ 13930271.13930271.c9282d663ee3.js:1
D @ 13930271.13930271.c9282d663ee3.js:1
l @ 13930271.13930271.c9282d663ee3.js:1
run @ 13930271.13930271.c9282d663ee3.js:1
V @ 13930271.13930271.c9282d663ee3.js:1
L @ 13930271.13930271.c9282d663ee3.js:1
I @ 13930271.13930271.c9282d663ee3.js:1
_ @ 13930271.13930271.c9282d663ee3.js:1
l @ 13930271.13930271.c9282d663ee3.js:1
run @ 13930271.13930271.c9282d663ee3.js:1
V @ 13930271.13930271.c9282d663ee3.js:1
L @ 13930271.13930271.c9282d663ee3.js:1
I @ 13930271.13930271.c9282d663ee3.js:1
_ @ 13930271.13930271.c9282d663ee3.js:1
X @ 13930271.13930271.c9282d663ee3.js:1
mount @ 13930271.13930271.c9282d663ee3.js:1
t.mount @ 13930271.13930271.c9282d663ee3.js:1
(anonymous) @ apps_host-b2c-web-v3.bootstrap.98130127.2c97de7c52b5.js:1
Promise.then
(anonymous) @ apps_host-b2c-web-v3.bootstrap.98130127.2c97de7c52b5.js:1
(anonymous) @ apps_host-b2c-web-v3.bootstrap.98130127.2c97de7c52b5.js:1
(anonymous) @ apps_host-b2c-web-v3.bootstrap.98130127.2c97de7c52b5.js:1
lr @ apps_host-b2c-web-v3.bootstrap.98130127.2c97de7c52b5.js:1
a @ apps_host-b2c-web-v3.bootstrap.98130127.2c97de7c52b5.js:1
Promise.then
lr @ apps_host-b2c-web-v3.bootstrap.98130127.2c97de7c52b5.js:1
a @ apps_host-b2c-web-v3.bootstrap.98130127.2c97de7c52b5.js:1
Promise.then
lr @ apps_host-b2c-web-v3.bootstrap.98130127.2c97de7c52b5.js:1
a @ apps_host-b2c-web-v3.bootstrap.98130127.2c97de7c52b5.js:1
(anonymous) @ apps_host-b2c-web-v3.bootstrap.98130127.2c97de7c52b5.js:1
t @ apps_host-b2c-web-v3.bootstrap.98130127.2c97de7c52b5.js:1
(anonymous) @ apps_host-b2c-web-v3.bootstrap.98130127.2c97de7c52b5.js:1
(anonymous) @ main.409895899f2c.js:1
Promise.then
58031907 @ main.409895899f2c.js:1
D @ main.409895899f2c.js:1
(anonymous) @ main.409895899f2c.js:1
(anonymous) @ main.409895899f2c.js:1
24992105.24992105.7b0ff4fcb194.js:1 Uncaught (in promise) Error: game: Thimbles not found
    at 24992105.24992105.7b0ff4fcb194.js:1:113859
    at Generator.<anonymous> (24992105.24992105.7b0ff4fcb194.js:1:103839)
    at Generator.next (24992105.24992105.7b0ff4fcb194.js:1:104681)
    at te (24992105.24992105.7b0ff4fcb194.js:1:104863)
    at a (24992105.24992105.7b0ff4fcb194.js:1:105066)
(anonymous) @ 24992105.24992105.7b0ff4fcb194.js:1
(anonymous) @ 24992105.24992105.7b0ff4fcb194.js:1
(anonymous) @ 24992105.24992105.7b0ff4fcb194.js:1
te @ 24992105.24992105.7b0ff4fcb194.js:1
a @ 24992105.24992105.7b0ff4fcb194.js:1
Promise.then
te @ 24992105.24992105.7b0ff4fcb194.js:1
a @ 24992105.24992105.7b0ff4fcb194.js:1
(anonymous) @ 24992105.24992105.7b0ff4fcb194.js:1
(anonymous) @ 24992105.24992105.7b0ff4fcb194.js:1
loadGameData @ 24992105.24992105.7b0ff4fcb194.js:1
(anonymous) @ apps_host-b2c-web-v3.bootstrap.98130127.2c97de7c52b5.js:1
(anonymous) @ apps_host-b2c-web-v3.bootstrap.98130127.2c97de7c52b5.js:1
(anonymous) @ apps_host-b2c-web-v3.bootstrap.98130127.2c97de7c52b5.js:1
Me @ apps_host-b2c-web-v3.bootstrap.98130127.2c97de7c52b5.js:1
a @ apps_host-b2c-web-v3.bootstrap.98130127.2c97de7c52b5.js:1
Promise.then
Me @ apps_host-b2c-web-v3.bootstrap.98130127.2c97de7c52b5.js:1
a @ apps_host-b2c-web-v3.bootstrap.98130127.2c97de7c52b5.js:1
(anonymous) @ apps_host-b2c-web-v3.bootstrap.98130127.2c97de7c52b5.js:1
(anonymous) @ apps_host-b2c-web-v3.bootstrap.98130127.2c97de7c52b5.js:1
setGameData @ apps_host-b2c-web-v3.bootstrap.98130127.2c97de7c52b5.js:1
(anonymous) @ apps_host-b2c-web-v3.bootstrap.98130127.2c97de7c52b5.js:1
(anonymous) @ apps_host-b2c-web-v3.bootstrap.98130127.2c97de7c52b5.js:1
(anonymous) @ apps_host-b2c-web-v3.bootstrap.98130127.2c97de7c52b5.js:1
Me @ apps_host-b2c-web-v3.bootstrap.98130127.2c97de7c52b5.js:1
a @ apps_host-b2c-web-v3.bootstrap.98130127.2c97de7c52b5.js:1
(anonymous) @ apps_host-b2c-web-v3.bootstrap.98130127.2c97de7c52b5.js:1
(anonymous) @ apps_host-b2c-web-v3.bootstrap.98130127.2c97de7c52b5.js:1
registerGame @ apps_host-b2c-web-v3.bootstrap.98130127.2c97de7c52b5.js:1
(anonymous) @ apps_host-b2c-web-v3.bootstrap.98130127.2c97de7c52b5.js:1
(anonymous) @ apps_host-b2c-web-v3.bootstrap.98130127.2c97de7c52b5.js:1
(anonymous) @ apps_host-b2c-web-v3.bootstrap.98130127.2c97de7c52b5.js:1
Me @ apps_host-b2c-web-v3.bootstrap.98130127.2c97de7c52b5.js:1
a @ apps_host-b2c-web-v3.bootstrap.98130127.2c97de7c52b5.js:1
(anonymous) @ apps_host-b2c-web-v3.bootstrap.98130127.2c97de7c52b5.js:1
(anonymous) @ apps_host-b2c-web-v3.bootstrap.98130127.2c97de7c52b5.js:1
beforeMount @ apps_host-b2c-web-v3.bootstrap.98130127.2c97de7c52b5.js:1
(anonymous) @ 13930271.13930271.c9282d663ee3.js:1
bn @ 13930271.13930271.c9282d663ee3.js:1
Sn @ 13930271.13930271.c9282d663ee3.js:1
Zo.t.__weh.t.__weh @ 13930271.13930271.c9282d663ee3.js:1
D @ 13930271.13930271.c9282d663ee3.js:1
l @ 13930271.13930271.c9282d663ee3.js:1
run @ 13930271.13930271.c9282d663ee3.js:1
V @ 13930271.13930271.c9282d663ee3.js:1
L @ 13930271.13930271.c9282d663ee3.js:1
I @ 13930271.13930271.c9282d663ee3.js:1
_ @ 13930271.13930271.c9282d663ee3.js:1
l @ 13930271.13930271.c9282d663ee3.js:1
run @ 13930271.13930271.c9282d663ee3.js:1
V @ 13930271.13930271.c9282d663ee3.js:1
L @ 13930271.13930271.c9282d663ee3.js:1
I @ 13930271.13930271.c9282d663ee3.js:1
_ @ 13930271.13930271.c9282d663ee3.js:1
R @ 13930271.13930271.c9282d663ee3.js:1
P @ 13930271.13930271.c9282d663ee3.js:1
_ @ 13930271.13930271.c9282d663ee3.js:1
R @ 13930271.13930271.c9282d663ee3.js:1
P @ 13930271.13930271.c9282d663ee3.js:1
_ @ 13930271.13930271.c9282d663ee3.js:1
R @ 13930271.13930271.c9282d663ee3.js:1
T @ 13930271.13930271.c9282d663ee3.js:1
x @ 13930271.13930271.c9282d663ee3.js:1
_ @ 13930271.13930271.c9282d663ee3.js:1
l @ 13930271.13930271.c9282d663ee3.js:1
run @ 13930271.13930271.c9282d663ee3.js:1
runIfDirty @ 13930271.13930271.c9282d663ee3.js:1
bn @ 13930271.13930271.c9282d663ee3.js:1
Un @ 13930271.13930271.c9282d663ee3.js:1
Promise.then
In @ 13930271.13930271.c9282d663ee3.js:1
Fn @ 13930271.13930271.c9282d663ee3.js:1
Us.a.scheduler @ 13930271.13930271.c9282d663ee3.js:1
d.scheduler @ 13930271.13930271.c9282d663ee3.js:1
trigger @ 13930271.13930271.c9282d663ee3.js:1
me @ 13930271.13930271.c9282d663ee3.js:1
notify @ 13930271.13930271.c9282d663ee3.js:1
trigger @ 13930271.13930271.c9282d663ee3.js:1
set value @ 13930271.13930271.c9282d663ee3.js:1
(anonymous) @ 77424332.77424332.1a5b3045bc9d.js:1
(anonymous) @ 77424332.77424332.1a5b3045bc9d.js:1
(anonymous) @ 77424332.77424332.1a5b3045bc9d.js:1
Ie @ 77424332.77424332.1a5b3045bc9d.js:1
u @ 77424332.77424332.1a5b3045bc9d.js:1
Promise.then
Ie @ 77424332.77424332.1a5b3045bc9d.js:1
a @ 77424332.77424332.1a5b3045bc9d.js:1
(anonymous) @ 77424332.77424332.1a5b3045bc9d.js:1
n @ 77424332.77424332.1a5b3045bc9d.js:1
(anonymous) @ 77424332.77424332.1a5b3045bc9d.js:1
(anonymous) @ apps_host-b2c-web-v3.bootstrap.98130127.2c97de7c52b5.js:1
(anonymous) @ apps_host-b2c-web-v3.bootstrap.98130127.2c97de7c52b5.js:1
(anonymous) @ apps_host-b2c-web-v3.bootstrap.98130127.2c97de7c52b5.js:1
or @ apps_host-b2c-web-v3.bootstrap.98130127.2c97de7c52b5.js:1
a @ apps_host-b2c-web-v3.bootstrap.98130127.2c97de7c52b5.js:1
(anonymous) @ apps_host-b2c-web-v3.bootstrap.98130127.2c97de7c52b5.js:1
(anonymous) @ apps_host-b2c-web-v3.bootstrap.98130127.2c97de7c52b5.js:1
(anonymous) @ 13930271.13930271.c9282d663ee3.js:1
bn @ 13930271.13930271.c9282d663ee3.js:1
Sn @ 13930271.13930271.c9282d663ee3.js:1
Zo.t.__weh.t.__weh @ 13930271.13930271.c9282d663ee3.js:1
D @ 13930271.13930271.c9282d663ee3.js:1
l @ 13930271.13930271.c9282d663ee3.js:1
run @ 13930271.13930271.c9282d663ee3.js:1
V @ 13930271.13930271.c9282d663ee3.js:1
L @ 13930271.13930271.c9282d663ee3.js:1
I @ 13930271.13930271.c9282d663ee3.js:1
_ @ 13930271.13930271.c9282d663ee3.js:1
l @ 13930271.13930271.c9282d663ee3.js:1
run @ 13930271.13930271.c9282d663ee3.js:1
V @ 13930271.13930271.c9282d663ee3.js:1
L @ 13930271.13930271.c9282d663ee3.js:1
I @ 13930271.13930271.c9282d663ee3.js:1
_ @ 13930271.13930271.c9282d663ee3.js:1
X @ 13930271.13930271.c9282d663ee3.js:1
mount @ 13930271.13930271.c9282d663ee3.js:1
t.mount @ 13930271.13930271.c9282d663ee3.js:1
(anonymous) @ apps_host-b2c-web-v3.bootstrap.98130127.2c97de7c52b5.js:1
Promise.then
(anonymous) @ apps_host-b2c-web-v3.bootstrap.98130127.2c97de7c52b5.js:1
(anonymous) @ apps_host-b2c-web-v3.bootstrap.98130127.2c97de7c52b5.js:1
(anonymous) @ apps_host-b2c-web-v3.bootstrap.98130127.2c97de7c52b5.js:1
lr @ apps_host-b2c-web-v3.bootstrap.98130127.2c97de7c52b5.js:1
a @ apps_host-b2c-web-v3.bootstrap.98130127.2c97de7c52b5.js:1
Promise.then
lr @ apps_host-b2c-web-v3.bootstrap.98130127.2c97de7c52b5.js:1
a @ apps_host-b2c-web-v3.bootstrap.98130127.2c97de7c52b5.js:1
Promise.then
lr @ apps_host-b2c-web-v3.bootstrap.98130127.2c97de7c52b5.js:1
a @ apps_host-b2c-web-v3.bootstrap.98130127.2c97de7c52b5.js:1
(anonymous) @ apps_host-b2c-web-v3.bootstrap.98130127.2c97de7c52b5.js:1
t @ apps_host-b2c-web-v3.bootstrap.98130127.2c97de7c52b5.js:1
(anonymous) @ apps_host-b2c-web-v3.bootstrap.98130127.2c97de7c52b5.js:1
(anonymous) @ main.409895899f2c.js:1
Promise.then
58031907 @ main.409895899f2c.js:1
D @ main.409895899f2c.js:1
(anonymous) @ main.409895899f2c.js:1
(anonymous) @ main.409895899f2c.js:1
13930271.13930271.c9282d663ee3.js:1 Error: Can't load image: icons.svg
    at a.onerror (54352046.54352046.07f7dbd5b8ed.js:1:41383)
(anonymous) @ 13930271.13930271.c9282d663ee3.js:1
Cn @ 13930271.13930271.c9282d663ee3.js:1
(anonymous) @ 13930271.13930271.c9282d663ee3.js:1
Promise.catch
Sn @ 13930271.13930271.c9282d663ee3.js:1
Sn @ 13930271.13930271.c9282d663ee3.js:1
Wr @ 13930271.13930271.c9282d663ee3.js:1
Hr @ 13930271.13930271.c9282d663ee3.js:1
nl @ 13930271.13930271.c9282d663ee3.js:1
(anonymous) @ 13930271.13930271.c9282d663ee3.js:1
Xi @ 13930271.13930271.c9282d663ee3.js:1
L @ 13930271.13930271.c9282d663ee3.js:1
I @ 13930271.13930271.c9282d663ee3.js:1
_ @ 13930271.13930271.c9282d663ee3.js:1
l @ 13930271.13930271.c9282d663ee3.js:1
run @ 13930271.13930271.c9282d663ee3.js:1
runIfDirty @ 13930271.13930271.c9282d663ee3.js:1
bn @ 13930271.13930271.c9282d663ee3.js:1
Un @ 13930271.13930271.c9282d663ee3.js:1
Promise.then
In @ 13930271.13930271.c9282d663ee3.js:1
Fn @ 13930271.13930271.c9282d663ee3.js:1
V.c.scheduler @ 13930271.13930271.c9282d663ee3.js:1
trigger @ 13930271.13930271.c9282d663ee3.js:1
me @ 13930271.13930271.c9282d663ee3.js:1
notify @ 13930271.13930271.c9282d663ee3.js:1
trigger @ 13930271.13930271.c9282d663ee3.js:1
set value @ 13930271.13930271.c9282d663ee3.js:1
W @ 56446861.56446861.a8cde0797458.js:1
(anonymous) @ 56446861.56446861.a8cde0797458.js:1
Promise.then
S @ 56446861.56446861.a8cde0797458.js:1
C @ 56446861.56446861.a8cde0797458.js:1
replace @ 56446861.56446861.a8cde0797458.js:1
redirectToErrorPage @ 48997207.48997207.f2b353697d6a.js:1
onError @ apps_host-b2c-web-v3.bootstrap.98130127.2c97de7c52b5.js:1
(anonymous) @ apps_host-b2c-web-v3.bootstrap.98130127.2c97de7c52b5.js:1
(anonymous) @ apps_host-b2c-web-v3.bootstrap.98130127.2c97de7c52b5.js:1
(anonymous) @ apps_host-b2c-web-v3.bootstrap.98130127.2c97de7c52b5.js:1
Me @ apps_host-b2c-web-v3.bootstrap.98130127.2c97de7c52b5.js:1
s @ apps_host-b2c-web-v3.bootstrap.98130127.2c97de7c52b5.js:1
Promise.then
Me @ apps_host-b2c-web-v3.bootstrap.98130127.2c97de7c52b5.js:1
a @ apps_host-b2c-web-v3.bootstrap.98130127.2c97de7c52b5.js:1
(anonymous) @ apps_host-b2c-web-v3.bootstrap.98130127.2c97de7c52b5.js:1
(anonymous) @ apps_host-b2c-web-v3.bootstrap.98130127.2c97de7c52b5.js:1
registerGame @ apps_host-b2c-web-v3.bootstrap.98130127.2c97de7c52b5.js:1
(anonymous) @ apps_host-b2c-web-v3.bootstrap.98130127.2c97de7c52b5.js:1
(anonymous) @ apps_host-b2c-web-v3.bootstrap.98130127.2c97de7c52b5.js:1
(anonymous) @ apps_host-b2c-web-v3.bootstrap.98130127.2c97de7c52b5.js:1
Me @ apps_host-b2c-web-v3.bootstrap.98130127.2c97de7c52b5.js:1
a @ apps_host-b2c-web-v3.bootstrap.98130127.2c97de7c52b5.js:1
(anonymous) @ apps_host-b2c-web-v3.bootstrap.98130127.2c97de7c52b5.js:1
(anonymous) @ apps_host-b2c-web-v3.bootstrap.98130127.2c97de7c52b5.js:1
beforeMount @ apps_host-b2c-web-v3.bootstrap.98130127.2c97de7c52b5.js:1
(anonymous) @ 13930271.13930271.c9282d663ee3.js:1
bn @ 13930271.13930271.c9282d663ee3.js:1
Sn @ 13930271.13930271.c9282d663ee3.js:1
Zo.t.__weh.t.__weh @ 13930271.13930271.c9282d663ee3.js:1
D @ 13930271.13930271.c9282d663ee3.js:1
l @ 13930271.13930271.c9282d663ee3.js:1
run @ 13930271.13930271.c9282d663ee3.js:1
V @ 13930271.13930271.c9282d663ee3.js:1
L @ 13930271.13930271.c9282d663ee3.js:1
I @ 13930271.13930271.c9282d663ee3.js:1
_ @ 13930271.13930271.c9282d663ee3.js:1
l @ 13930271.13930271.c9282d663ee3.js:1
run @ 13930271.13930271.c9282d663ee3.js:1
V @ 13930271.13930271.c9282d663ee3.js:1
L @ 13930271.13930271.c9282d663ee3.js:1
I @ 13930271.13930271.c9282d663ee3.js:1
_ @ 13930271.13930271.c9282d663ee3.js:1
R @ 13930271.13930271.c9282d663ee3.js:1
P @ 13930271.13930271.c9282d663ee3.js:1
_ @ 13930271.13930271.c9282d663ee3.js:1
R @ 13930271.13930271.c9282d663ee3.js:1
P @ 13930271.13930271.c9282d663ee3.js:1
_ @ 13930271.13930271.c9282d663ee3.js:1
R @ 13930271.13930271.c9282d663ee3.js:1
T @ 13930271.13930271.c9282d663ee3.js:1
x @ 13930271.13930271.c9282d663ee3.js:1
_ @ 13930271.13930271.c9282d663ee3.js:1
l @ 13930271.13930271.c9282d663ee3.js:1
run @ 13930271.13930271.c9282d663ee3.js:1
runIfDirty @ 13930271.13930271.c9282d663ee3.js:1
bn @ 13930271.13930271.c9282d663ee3.js:1
Un @ 13930271.13930271.c9282d663ee3.js:1
Promise.then
In @ 13930271.13930271.c9282d663ee3.js:1
Fn @ 13930271.13930271.c9282d663ee3.js:1
Us.a.scheduler @ 13930271.13930271.c9282d663ee3.js:1
d.scheduler @ 13930271.13930271.c9282d663ee3.js:1
trigger @ 13930271.13930271.c9282d663ee3.js:1
me @ 13930271.13930271.c9282d663ee3.js:1
notify @ 13930271.13930271.c9282d663ee3.js:1
trigger @ 13930271.13930271.c9282d663ee3.js:1
set value @ 13930271.13930271.c9282d663ee3.js:1
(anonymous) @ 77424332.77424332.1a5b3045bc9d.js:1
(anonymous) @ 77424332.77424332.1a5b3045bc9d.js:1
(anonymous) @ 77424332.77424332.1a5b3045bc9d.js:1
Ie @ 77424332.77424332.1a5b3045bc9d.js:1
u @ 77424332.77424332.1a5b3045bc9d.js:1
Promise.then
Ie @ 77424332.77424332.1a5b3045bc9d.js:1
a @ 77424332.77424332.1a5b3045bc9d.js:1
(anonymous) @ 77424332.77424332.1a5b3045bc9d.js:1
n @ 77424332.77424332.1a5b3045bc9d.js:1
(anonymous) @ 77424332.77424332.1a5b3045bc9d.js:1
(anonymous) @ apps_host-b2c-web-v3.bootstrap.98130127.2c97de7c52b5.js:1
(anonymous) @ apps_host-b2c-web-v3.bootstrap.98130127.2c97de7c52b5.js:1
(anonymous) @ apps_host-b2c-web-v3.bootstrap.98130127.2c97de7c52b5.js:1
or @ apps_host-b2c-web-v3.bootstrap.98130127.2c97de7c52b5.js:1
a @ apps_host-b2c-web-v3.bootstrap.98130127.2c97de7c52b5.js:1
(anonymous) @ apps_host-b2c-web-v3.bootstrap.98130127.2c97de7c52b5.js:1
(anonymous) @ apps_host-b2c-web-v3.bootstrap.98130127.2c97de7c52b5.js:1
(anonymous) @ 13930271.13930271.c9282d663ee3.js:1
bn @ 13930271.13930271.c9282d663ee3.js:1
Sn @ 13930271.13930271.c9282d663ee3.js:1
Zo.t.__weh.t.__weh @ 13930271.13930271.c9282d663ee3.js:1
D @ 13930271.13930271.c9282d663ee3.js:1
l @ 13930271.13930271.c9282d663ee3.js:1
run @ 13930271.13930271.c9282d663ee3.js:1
V @ 13930271.13930271.c9282d663ee3.js:1
L @ 13930271.13930271.c9282d663ee3.js:1
I @ 13930271.13930271.c9282d663ee3.js:1
_ @ 13930271.13930271.c9282d663ee3.js:1
l @ 13930271.13930271.c9282d663ee3.js:1
run @ 13930271.13930271.c9282d663ee3.js:1
V @ 13930271.13930271.c9282d663ee3.js:1
L @ 13930271.13930271.c9282d663ee3.js:1
I @ 13930271.13930271.c9282d663ee3.js:1
_ @ 13930271.13930271.c9282d663ee3.js:1
X @ 13930271.13930271.c9282d663ee3.js:1
mount @ 13930271.13930271.c9282d663ee3.js:1
t.mount @ 13930271.13930271.c9282d663ee3.js:1
(anonymous) @ apps_host-b2c-web-v3.bootstrap.98130127.2c97de7c52b5.js:1
Promise.then
(anonymous) @ apps_host-b2c-web-v3.bootstrap.98130127.2c97de7c52b5.js:1
(anonymous) @ apps_host-b2c-web-v3.bootstrap.98130127.2c97de7c52b5.js:1
(anonymous) @ apps_host-b2c-web-v3.bootstrap.98130127.2c97de7c52b5.js:1
lr @ apps_host-b2c-web-v3.bootstrap.98130127.2c97de7c52b5.js:1
a @ apps_host-b2c-web-v3.bootstrap.98130127.2c97de7c52b5.js:1
Promise.then
lr @ apps_host-b2c-web-v3.bootstrap.98130127.2c97de7c52b5.js:1
a @ apps_host-b2c-web-v3.bootstrap.98130127.2c97de7c52b5.js:1
Promise.then
lr @ apps_host-b2c-web-v3.bootstrap.98130127.2c97de7c52b5.js:1
a @ apps_host-b2c-web-v3.bootstrap.98130127.2c97de7c52b5.js:1
(anonymous) @ apps_host-b2c-web-v3.bootstrap.98130127.2c97de7c52b5.js:1
t @ apps_host-b2c-web-v3.bootstrap.98130127.2c97de7c52b5.js:1
(anonymous) @ apps_host-b2c-web-v3.bootstrap.98130127.2c97de7c52b5.js:1
(anonymous) @ main.409895899f2c.js:1
Promise.then
58031907 @ main.409895899f2c.js:1
D @ main.409895899f2c.js:1
(anonymous) @ main.409895899f2c.js:1
(anonymous) @ main.409895899f2c.js:1
