62?co=25&cu=27&lg=en&wh=55&tzo=1:3  GET https://gamscdn.com/web-v3/version.json net::ERR_CERT_COMMON_NAME_INVALID
(anonymous) @ 62?co=25&cu=27&lg=en&wh=55&tzo=1:3
onSuccess @ 62?co=25&cu=27&lg=en&wh=55&tzo=1:3
o.onload @ 62?co=25&cu=27&lg=en&wh=55&tzo=1:3
XMLHttpRequest.send
(anonymous) @ 62?co=25&cu=27&lg=en&wh=55&tzo=1:3
(anonymous) @ 62?co=25&cu=27&lg=en&wh=55&tzo=1:3
(anonymous) @ 62?co=25&cu=27&lg=en&wh=55&tzo=1:3
main.9c40a841f9b9.js:1 @games/dynamic-federation:  ChunkLoadError: Loading chunk 64073094 failed.
(timeout: https://localhost/games-frame/mfs/game-thimbles/64073094.64073094.dbb29290d780.js)
    at C.f.j (remoteEntry.js?v=c7aefc2cc35609bf:1:25223)
    at remoteEntry.js?v=c7aefc2cc35609bf:1:1723
    at Array.reduce (<anonymous>)
    at C.e (remoteEntry.js?v=c7aefc2cc35609bf:1:1702)
    at Object.get (remoteEntry.js?v=c7aefc2cc35609bf:1:8186)
    at f (remoteEntry.js?v=c7aefc2cc35609bf:1:13571)
    at remoteEntry.js?v=c7aefc2cc35609bf:1:14255
    at remoteEntry.js?v=c7aefc2cc35609bf:1:14146
    at 31155973 (remoteEntry.js?v=c7aefc2cc35609bf:1:18966)
    at remoteEntry.js?v=c7aefc2cc35609bf:1:23489
s @ main.9c40a841f9b9.js:1
(anonymous) @ main.9c40a841f9b9.js:1
(anonymous) @ main.9c40a841f9b9.js:1
(anonymous) @ main.9c40a841f9b9.js:1
f @ main.9c40a841f9b9.js:1
s @ main.9c40a841f9b9.js:1
