62?co=25&cu=27&lg=en&wh=55&tzo=1:3  GET https://gamscdn.com/web-v3/version.json net::ERR_CONNECTION_REFUSED
(anonymous) @ 62?co=25&cu=27&lg=en&wh=55&tzo=1:3
onSuccess @ 62?co=25&cu=27&lg=en&wh=55&tzo=1:3
o.onload @ 62?co=25&cu=27&lg=en&wh=55&tzo=1:3
XMLHttpRequest.send
(anonymous) @ 62?co=25&cu=27&lg=en&wh=55&tzo=1:3
(anonymous) @ 62?co=25&cu=27&lg=en&wh=55&tzo=1:3
(anonymous) @ 62?co=25&cu=27&lg=en&wh=55&tzo=1:3
main.409895899f2c.js:1 Uncaught (in promise) ChunkLoadError: Loading chunk 98130127 failed.
(timeout: https://planbetbj.com/games-frame/static/apps_host-b2c-web-v3.bootstrap.98130127.2c97de7c52b5.js)
    at D.f.j (main.409895899f2c.js:1:145506)
    at main.409895899f2c.js:1:75939
    at Array.reduce (<anonymous>)
    at D.e (main.409895899f2c.js:1:75918)
    at 58031907 (main.409895899f2c.js:1:50778)
    at D (main.409895899f2c.js:1:75198)
    at main.409895899f2c.js:1:146584
    at main.409895899f2c.js:1:146597
D.f.j @ main.409895899f2c.js:1
(anonymous) @ main.409895899f2c.js:1
D.e @ main.409895899f2c.js:1
58031907 @ main.409895899f2c.js:1
D @ main.409895899f2c.js:1
(anonymous) @ main.409895899f2c.js:1
(anonymous) @ main.409895899f2c.js:1
